Loged succesfully umsi@umich.edu
Loged succesfully umsi@umich.edu
Loged succesfully umsi@umich.edu
Loged succesfully umsi@umich.edu
Loged succesfully umsi@umich.edu
Loged succesfully umsi@umich.edu
Loged succesfully umsi@umich.edu
Loged succesfully umsi@umich.edu
Loged succesfully umsi@umich.edu
Loged succesfully umsi@umich.edu
Loged succesfully umsi@umich.edu
Loged succesfully umsi@umich.edu
new Loged succesfully umsi@umich.edu
new Loged succesfully umsi@umich.edu
new Loged succesfully umsi@umich.edu
entramos al if qqqqqqq
entramos al if aaaaaaaaaa
new Loged succesfully umsi@umich.edu
new Loged succesfully umsi@umich.edu
new Loged succesfully umsi@umich.edu
new Loged succesfully umsi@umich.edu
entramos al if ppppppppp
new Loged succesfully umsi@umich.edu
new Loged succesfully umsi@umich.edu
new Loged succesfully umsi@umich.edu
entramos al if Rafael
